android/app/build/intermediates/manifest_merge_blame_file/release/processReleaseMainManifest/manifest-merger-blame-release-report.txt
1<?xml version="1.0" encoding="utf-8"?>
2<manifest xmlns:android="http://schemas.android.com/apk/res/android"
3    package="com.grubb.customer"
4    android:versionCode="82"
5    android:versionName="42.0.0" >
6
7    <uses-sdk
8        android:minSdkVersion="24"
9        android:targetSdkVersion="35" />
10    <!--
11         Required to query activities that can process text, see:
12         https://developer.android.com/training/package-visibility and
13         https://developer.android.com/reference/android/content/Intent#ACTION_PROCESS_TEXT.
14
15         In particular, this is used by the Flutter engine in io.flutter.plugin.text.ProcessTextPlugin.
16    -->
17    <queries>
17-->src/main/AndroidManifest.xml:39:5-44:15
18        <intent>
18-->src/main/AndroidManifest.xml:40:9-43:18
19            <action android:name="android.intent.action.PROCESS_TEXT" />
19-->src/main/AndroidManifest.xml:41:13-72
19-->src/main/AndroidManifest.xml:41:21-70
20
21            <data android:mimeType="text/plain" />
21-->src/main/AndroidManifest.xml:42:13-50
21-->src/main/AndroidManifest.xml:42:19-48
22        </intent>
23        <!-- Specific apps you interact with, eg: -->
24        <package android:name="com.paytm.pgsdk.TransactionManager.PAYTM_APP_PACKAGE" />
24-->[com.paytm.appinvokesdk:appinvokesdk:1.6.18] AndroidManifest.xml:12:9-88
24-->[com.paytm.appinvokesdk:appinvokesdk:1.6.18] AndroidManifest.xml:12:18-85
25        <!--
26             Specific intents you query for,
27             eg: for a custom share UI
28        -->
29        <intent>
29-->[com.paytm.appinvokesdk:appinvokesdk:1.6.18] AndroidManifest.xml:17:9-19:18
30            <action android:name="android.intent.action.MAIN" />
30-->src/main/AndroidManifest.xml:24:17-68
30-->src/main/AndroidManifest.xml:24:25-66
31        </intent>
32
33        <package android:name="com.facebook.katana" />
33-->[com.facebook.android:facebook-common:17.0.0] AndroidManifest.xml:18:9-55
33-->[com.facebook.android:facebook-common:17.0.0] AndroidManifest.xml:18:18-52
34
35        <intent>
35-->[:flutter_inappwebview_android] AndroidManifest.xml:8:9-10:18
36            <action android:name="android.support.customtabs.action.CustomTabsService" />
36-->[:flutter_inappwebview_android] AndroidManifest.xml:9:13-90
36-->[:flutter_inappwebview_android] AndroidManifest.xml:9:21-87
37        </intent> <!-- Added to check the default browser that will host the AuthFlow. -->
38        <intent>
38-->[com.stripe:financial-connections:21.6.0] AndroidManifest.xml:13:9-17:18
39            <action android:name="android.intent.action.VIEW" />
39-->[com.facebook.android:facebook-common:17.0.0] AndroidManifest.xml:32:17-69
39-->[com.facebook.android:facebook-common:17.0.0] AndroidManifest.xml:32:25-66
40
41            <data android:scheme="http" />
41-->src/main/AndroidManifest.xml:42:13-50
42        </intent> <!-- Added to check if Chrome is installed for browser-based payment authentication (e.g. 3DS1). -->
43        <package android:name="com.android.chrome" />
43-->[com.stripe:payments-core:21.6.0] AndroidManifest.xml:11:9-54
43-->[com.stripe:payments-core:21.6.0] AndroidManifest.xml:11:18-51
44
45        <intent>
45-->[com.razorpay:standard-core:1.6.52] AndroidManifest.xml:11:9-17:18
46            <action android:name="android.intent.action.VIEW" />
46-->[com.facebook.android:facebook-common:17.0.0] AndroidManifest.xml:32:17-69
46-->[com.facebook.android:facebook-common:17.0.0] AndroidManifest.xml:32:25-66
47
48            <data
48-->src/main/AndroidManifest.xml:42:13-50
49                android:mimeType="*/*"
49-->src/main/AndroidManifest.xml:42:19-48
50                android:scheme="*" />
51        </intent>
52        <intent>
52-->[com.razorpay:standard-core:1.6.52] AndroidManifest.xml:18:9-27:18
53            <action android:name="android.intent.action.VIEW" />
53-->[com.facebook.android:facebook-common:17.0.0] AndroidManifest.xml:32:17-69
53-->[com.facebook.android:facebook-common:17.0.0] AndroidManifest.xml:32:25-66
54
55            <category android:name="android.intent.category.BROWSABLE" />
55-->[com.facebook.android:facebook-common:17.0.0] AndroidManifest.xml:35:17-78
55-->[com.facebook.android:facebook-common:17.0.0] AndroidManifest.xml:35:27-75
56
57            <data
57-->src/main/AndroidManifest.xml:42:13-50
58                android:host="pay"
59                android:mimeType="*/*"
59-->src/main/AndroidManifest.xml:42:19-48
60                android:scheme="upi" />
61        </intent>
62        <intent>
62-->[com.razorpay:standard-core:1.6.52] AndroidManifest.xml:31:9-35:18
63            <action android:name="android.intent.action.SEND" />
63-->[com.razorpay:standard-core:1.6.52] AndroidManifest.xml:32:13-65
63-->[com.razorpay:standard-core:1.6.52] AndroidManifest.xml:32:21-62
64
65            <data android:mimeType="*/*" />
65-->src/main/AndroidManifest.xml:42:13-50
65-->src/main/AndroidManifest.xml:42:19-48
66        </intent>
67        <intent>
67-->[com.razorpay:standard-core:1.6.52] AndroidManifest.xml:36:9-38:18
68            <action android:name="rzp.device_token.share" />
68-->[com.razorpay:standard-core:1.6.52] AndroidManifest.xml:37:13-61
68-->[com.razorpay:standard-core:1.6.52] AndroidManifest.xml:37:21-58
69        </intent> <!-- Needs to be explicitly declared on Android R+ -->
70        <package android:name="com.google.android.apps.maps" />
70-->[com.google.android.gms:play-services-maps:18.2.0] AndroidManifest.xml:33:9-64
70-->[com.google.android.gms:play-services-maps:18.2.0] AndroidManifest.xml:33:18-61
71    </queries>
72
73    <uses-permission android:name="android.permission.ACCESS_COARSE_LOCATION" />
73-->[:location] AndroidManifest.xml:7:5-81
73-->[:location] AndroidManifest.xml:7:22-78
74    <uses-permission android:name="android.permission.ACCESS_FINE_LOCATION" />
74-->[:location] AndroidManifest.xml:8:5-79
74-->[:location] AndroidManifest.xml:8:22-76
75    <uses-permission android:name="android.permission.VIBRATE" />
75-->[:flutter_local_notifications] AndroidManifest.xml:7:5-66
75-->[:flutter_local_notifications] AndroidManifest.xml:7:22-63
76    <uses-permission android:name="android.permission.POST_NOTIFICATIONS" />
76-->[:flutter_local_notifications] AndroidManifest.xml:8:5-77
76-->[:flutter_local_notifications] AndroidManifest.xml:8:22-74
77    <uses-permission android:name="android.permission.BLUETOOTH" />
77-->[com.github.canardoux:flutter_sound_core:9.28.0] AndroidManifest.xml:7:5-68
77-->[com.github.canardoux:flutter_sound_core:9.28.0] AndroidManifest.xml:7:22-65
78    <uses-permission android:name="android.permission.WAKE_LOCK" />
78-->[com.github.canardoux:flutter_sound_core:9.28.0] AndroidManifest.xml:8:5-68
78-->[com.github.canardoux:flutter_sound_core:9.28.0] AndroidManifest.xml:8:22-65
79    <uses-permission android:name="android.permission.MODIFY_AUDIO_SETTINGS" />
79-->[com.github.canardoux:flutter_sound_core:9.28.0] AndroidManifest.xml:9:5-80
79-->[com.github.canardoux:flutter_sound_core:9.28.0] AndroidManifest.xml:9:22-77
80    <uses-permission android:name="android.permission.RECORD_AUDIO" />
80-->[com.github.canardoux:flutter_sound_core:9.28.0] AndroidManifest.xml:10:5-71
80-->[com.github.canardoux:flutter_sound_core:9.28.0] AndroidManifest.xml:10:22-68
81    <uses-permission android:name="Manifest.permission.CAPTURE_AUDIO_OUTPUT" />
81-->[com.github.canardoux:flutter_sound_core:9.28.0] AndroidManifest.xml:11:5-80
81-->[com.github.canardoux:flutter_sound_core:9.28.0] AndroidManifest.xml:11:22-77
82    <uses-permission android:name="android.permission.ACCESS_NETWORK_STATE" />
82-->[com.paytm.appinvokesdk:appinvokesdk:1.6.18] AndroidManifest.xml:7:5-79
82-->[com.paytm.appinvokesdk:appinvokesdk:1.6.18] AndroidManifest.xml:7:22-76
83    <uses-permission android:name="android.permission.READ_PHONE_STATE" />
83-->[com.paytm.easypay:easypay-appinvoke:1.8.0-hotfix] AndroidManifest.xml:10:5-75
83-->[com.paytm.easypay:easypay-appinvoke:1.8.0-hotfix] AndroidManifest.xml:10:22-72
84    <uses-permission android:name="android.permission.INTERNET" />
84-->[:firebase_messaging] AndroidManifest.xml:7:5-67
84-->[:firebase_messaging] AndroidManifest.xml:7:22-64
85    <uses-permission android:name="android.permission.CAMERA" />
85-->[:mobile_scanner] AndroidManifest.xml:7:5-65
85-->[:mobile_scanner] AndroidManifest.xml:7:22-62
86
87    <uses-feature
87-->[:mobile_scanner] AndroidManifest.xml:9:5-11:36
88        android:name="android.hardware.camera"
88-->[:mobile_scanner] AndroidManifest.xml:10:9-47
89        android:required="false" />
89-->[:mobile_scanner] AndroidManifest.xml:11:9-33
90
91    <uses-permission android:name="android.permission.WRITE_EXTERNAL_STORAGE" />
91-->[:video_compress] AndroidManifest.xml:7:5-81
91-->[:video_compress] AndroidManifest.xml:7:22-78
92    <uses-permission android:name="android.permission.READ_EXTERNAL_STORAGE" /> <!-- Required by older versions of Google Play services to create IID tokens -->
93    <uses-permission android:name="com.google.android.c2dm.permission.RECEIVE" />
93-->[com.google.firebase:firebase-iid:21.1.0] AndroidManifest.xml:26:5-82
93-->[com.google.firebase:firebase-iid:21.1.0] AndroidManifest.xml:26:22-79
94    <uses-permission android:name="com.google.android.gms.permission.AD_ID" />
94-->[com.facebook.android:facebook-core:17.0.0] AndroidManifest.xml:16:5-79
94-->[com.facebook.android:facebook-core:17.0.0] AndroidManifest.xml:16:22-76
95
96    <uses-feature
96-->[com.google.android.gms:play-services-maps:18.2.0] AndroidManifest.xml:26:5-28:35
97        android:glEsVersion="0x00020000"
97-->[com.google.android.gms:play-services-maps:18.2.0] AndroidManifest.xml:27:9-41
98        android:required="true" />
98-->[com.google.android.gms:play-services-maps:18.2.0] AndroidManifest.xml:28:9-32
99
100    <uses-permission android:name="com.google.android.providers.gsf.permission.READ_GSERVICES" />
100-->[com.google.android.recaptcha:recaptcha:18.4.0] AndroidManifest.xml:9:5-98
100-->[com.google.android.recaptcha:recaptcha:18.4.0] AndroidManifest.xml:9:22-95
101
102    <permission
102-->[androidx.core:core:1.13.1] AndroidManifest.xml:22:5-24:47
103        android:name="com.grubb.customer.DYNAMIC_RECEIVER_NOT_EXPORTED_PERMISSION"
103-->[androidx.core:core:1.13.1] AndroidManifest.xml:23:9-81
104        android:protectionLevel="signature" />
104-->[androidx.core:core:1.13.1] AndroidManifest.xml:24:9-44
105
106    <uses-permission android:name="com.grubb.customer.DYNAMIC_RECEIVER_NOT_EXPORTED_PERMISSION" />
106-->[androidx.core:core:1.13.1] AndroidManifest.xml:26:5-97
106-->[androidx.core:core:1.13.1] AndroidManifest.xml:26:22-94
107    <uses-permission android:name="com.google.android.finsky.permission.BIND_GET_INSTALL_REFERRER_SERVICE" />
107-->[com.android.installreferrer:installreferrer:1.0] AndroidManifest.xml:9:5-110
107-->[com.android.installreferrer:installreferrer:1.0] AndroidManifest.xml:9:22-107
108
109    <application
110        android:name="android.app.Application"
110-->src/main/AndroidManifest.xml:4:9-42
111        android:appComponentFactory="androidx.core.app.CoreComponentFactory"
111-->[androidx.core:core:1.13.1] AndroidManifest.xml:28:18-86
112        android:extractNativeLibs="false"
113        android:icon="@mipmap/ic_launcher"
113-->src/main/AndroidManifest.xml:5:9-43
114        android:label="grubbcustomernewandroid35"
114-->src/main/AndroidManifest.xml:3:9-50
115        android:supportsRtl="true" >
115-->[com.facebook.android:facebook-login:17.0.0] AndroidManifest.xml:16:18-44
116        <activity
116-->src/main/AndroidManifest.xml:6:9-27:20
117            android:name="com.grubb.customer.MainActivity"
117-->src/main/AndroidManifest.xml:7:13-41
118            android:configChanges="orientation|keyboardHidden|keyboard|screenSize|smallestScreenSize|locale|layoutDirection|fontScale|screenLayout|density|uiMode"
118-->src/main/AndroidManifest.xml:12:13-163
119            android:exported="true"
119-->src/main/AndroidManifest.xml:8:13-36
120            android:hardwareAccelerated="true"
120-->src/main/AndroidManifest.xml:13:13-47
121            android:launchMode="singleTop"
121-->src/main/AndroidManifest.xml:9:13-43
122            android:taskAffinity=""
122-->src/main/AndroidManifest.xml:10:13-36
123            android:theme="@style/LaunchTheme"
123-->src/main/AndroidManifest.xml:11:13-47
124            android:windowSoftInputMode="adjustResize" >
124-->src/main/AndroidManifest.xml:14:13-55
125
126            <!--
127                 Specifies an Android theme to apply to this Activity as soon as
128                 the Android process has started. This theme is visible to the user
129                 while the Flutter UI initializes. After that, this theme continues
130                 to determine the Window background behind the Flutter UI.
131            -->
132            <meta-data
132-->src/main/AndroidManifest.xml:19:13-22:17
133                android:name="io.flutter.embedding.android.NormalTheme"
133-->src/main/AndroidManifest.xml:20:15-70
134                android:resource="@style/NormalTheme" />
134-->src/main/AndroidManifest.xml:21:15-52
135
136            <intent-filter>
136-->src/main/AndroidManifest.xml:23:13-26:29
137                <action android:name="android.intent.action.MAIN" />
137-->src/main/AndroidManifest.xml:24:17-68
137-->src/main/AndroidManifest.xml:24:25-66
138
139                <category android:name="android.intent.category.LAUNCHER" />
139-->src/main/AndroidManifest.xml:25:17-76
139-->src/main/AndroidManifest.xml:25:27-74
140            </intent-filter>
141        </activity>
142        <!--
143             Don't delete the meta-data below.
144             This is used by the Flutter tool to generate GeneratedPluginRegistrant.java
145        -->
146        <meta-data
146-->src/main/AndroidManifest.xml:30:9-32:33
147            android:name="flutterEmbedding"
147-->src/main/AndroidManifest.xml:31:13-44
148            android:value="2" />
148-->src/main/AndroidManifest.xml:32:13-30
149
150        <service
150-->[:location] AndroidManifest.xml:11:9-15:56
151            android:name="com.lyokone.location.FlutterLocationService"
151-->[:location] AndroidManifest.xml:12:13-71
152            android:enabled="true"
152-->[:location] AndroidManifest.xml:13:13-35
153            android:exported="false"
153-->[:location] AndroidManifest.xml:14:13-37
154            android:foregroundServiceType="location" />
154-->[:location] AndroidManifest.xml:15:13-53
155        <!--
156           Declares a provider which allows us to store files to share in
157           '.../caches/share_plus' and grant the receiving action access
158        -->
159        <provider
159-->[:share_plus] AndroidManifest.xml:13:9-21:20
160            android:name="dev.fluttercommunity.plus.share.ShareFileProvider"
160-->[:share_plus] AndroidManifest.xml:14:13-77
161            android:authorities="com.grubb.customer.flutter.share_provider"
161-->[:share_plus] AndroidManifest.xml:15:13-74
162            android:exported="false"
162-->[:share_plus] AndroidManifest.xml:16:13-37
163            android:grantUriPermissions="true" >
163-->[:share_plus] AndroidManifest.xml:17:13-47
164            <meta-data
164-->[:share_plus] AndroidManifest.xml:18:13-20:68
165                android:name="android.support.FILE_PROVIDER_PATHS"
165-->[:share_plus] AndroidManifest.xml:19:17-67
166                android:resource="@xml/flutter_share_file_paths" />
166-->[:share_plus] AndroidManifest.xml:20:17-65
167        </provider>
168        <!--
169           This manifest declared broadcast receiver allows us to use an explicit
170           Intent when creating a PendingItent to be informed of the user's choice
171        -->
172        <receiver
172-->[:share_plus] AndroidManifest.xml:26:9-32:20
173            android:name="dev.fluttercommunity.plus.share.SharePlusPendingIntent"
173-->[:share_plus] AndroidManifest.xml:27:13-82
174            android:exported="false" >
174-->[:share_plus] AndroidManifest.xml:28:13-37
175            <intent-filter>
175-->[:share_plus] AndroidManifest.xml:29:13-31:29
176                <action android:name="EXTRA_CHOSEN_COMPONENT" />
176-->[:share_plus] AndroidManifest.xml:30:17-65
176-->[:share_plus] AndroidManifest.xml:30:25-62
177            </intent-filter>
178        </receiver>
179
180        <service
180-->[:geolocator_android] AndroidManifest.xml:8:9-12:56
181            android:name="com.baseflow.geolocator.GeolocatorLocationService"
181-->[:geolocator_android] AndroidManifest.xml:9:13-77
182            android:enabled="true"
182-->[:geolocator_android] AndroidManifest.xml:10:13-35
183            android:exported="false"
183-->[:geolocator_android] AndroidManifest.xml:11:13-37
184            android:foregroundServiceType="location" />
184-->[:geolocator_android] AndroidManifest.xml:12:13-53
185
186        <provider
186-->[:image_picker_android] AndroidManifest.xml:9:9-17:20
187            android:name="io.flutter.plugins.imagepicker.ImagePickerFileProvider"
187-->[:image_picker_android] AndroidManifest.xml:10:13-82
188            android:authorities="com.grubb.customer.flutter.image_provider"
188-->[:image_picker_android] AndroidManifest.xml:11:13-74
189            android:exported="false"
189-->[:image_picker_android] AndroidManifest.xml:12:13-37
190            android:grantUriPermissions="true" >
190-->[:image_picker_android] AndroidManifest.xml:13:13-47
191            <meta-data
191-->[:share_plus] AndroidManifest.xml:18:13-20:68
192                android:name="android.support.FILE_PROVIDER_PATHS"
192-->[:share_plus] AndroidManifest.xml:19:17-67
193                android:resource="@xml/flutter_image_picker_file_paths" />
193-->[:share_plus] AndroidManifest.xml:20:17-65
194        </provider> <!-- Trigger Google Play services to install the backported photo picker module. -->
195        <service
195-->[:image_picker_android] AndroidManifest.xml:19:9-31:19
196            android:name="com.google.android.gms.metadata.ModuleDependencies"
196-->[:image_picker_android] AndroidManifest.xml:20:13-78
197            android:enabled="false"
197-->[:image_picker_android] AndroidManifest.xml:21:13-36
198            android:exported="false" >
198-->[:image_picker_android] AndroidManifest.xml:22:13-37
199            <intent-filter>
199-->[:image_picker_android] AndroidManifest.xml:24:13-26:29
200                <action android:name="com.google.android.gms.metadata.MODULE_DEPENDENCIES" />
200-->[:image_picker_android] AndroidManifest.xml:25:17-94
200-->[:image_picker_android] AndroidManifest.xml:25:25-91
201            </intent-filter>
202
203            <meta-data
203-->[:image_picker_android] AndroidManifest.xml:28:13-30:36
204                android:name="photopicker_activity:0:required"
204-->[:image_picker_android] AndroidManifest.xml:29:17-63
205                android:value="" />
205-->[:image_picker_android] AndroidManifest.xml:30:17-33
206        </service>
207
208        <provider
208-->[:share] AndroidManifest.xml:8:9-16:20
209            android:name="io.flutter.plugins.share.ShareFileProvider"
209-->[:share] AndroidManifest.xml:9:13-70
210            android:authorities="com.grubb.customer.flutter.share_provider"
210-->[:share] AndroidManifest.xml:10:13-74
211            android:exported="false"
211-->[:share] AndroidManifest.xml:11:13-37
212            android:grantUriPermissions="true" >
212-->[:share] AndroidManifest.xml:12:13-47
213            <meta-data
213-->[:share_plus] AndroidManifest.xml:18:13-20:68
214                android:name="android.support.FILE_PROVIDER_PATHS"
214-->[:share_plus] AndroidManifest.xml:19:17-67
215                android:resource="@xml/flutter_share_file_paths" />
215-->[:share_plus] AndroidManifest.xml:20:17-65
216        </provider>
217
218        <activity
218-->[:url_launcher_android] AndroidManifest.xml:8:9-11:74
219            android:name="io.flutter.plugins.urllauncher.WebViewActivity"
219-->[:url_launcher_android] AndroidManifest.xml:9:13-74
220            android:exported="false"
220-->[:url_launcher_android] AndroidManifest.xml:10:13-37
221            android:theme="@android:style/Theme.NoTitleBar.Fullscreen" />
221-->[:url_launcher_android] AndroidManifest.xml:11:13-71
222        <activity
222-->[com.paytm.appinvokesdk:appinvokesdk:1.6.18] AndroidManifest.xml:23:9-26:66
223            android:name="com.paytm.pgsdk.PaytmPGActivity"
223-->[com.paytm.appinvokesdk:appinvokesdk:1.6.18] AndroidManifest.xml:24:13-59
224            android:screenOrientation="portrait"
224-->[com.paytm.appinvokesdk:appinvokesdk:1.6.18] AndroidManifest.xml:25:13-49
225            android:theme="@style/Theme.AppCompat.NoActionBar" />
225-->[com.paytm.appinvokesdk:appinvokesdk:1.6.18] AndroidManifest.xml:26:13-63
226        <activity
226-->[com.paytm.appinvokesdk:appinvokesdk:1.6.18] AndroidManifest.xml:27:9-29:63
227            android:name="com.paytm.pgsdk.AioMatchUserActivity"
227-->[com.paytm.appinvokesdk:appinvokesdk:1.6.18] AndroidManifest.xml:28:13-64
228            android:theme="@style/TransparentActivityTheme" />
228-->[com.paytm.appinvokesdk:appinvokesdk:1.6.18] AndroidManifest.xml:29:13-60
229
230        <service
230-->[com.paytm.appinvokesdk:appinvokesdk:1.6.18] AndroidManifest.xml:31:9-33:40
231            android:name="com.paytm.pgsdk.IntentServicePostNotification"
231-->[com.paytm.appinvokesdk:appinvokesdk:1.6.18] AndroidManifest.xml:32:13-73
232            android:exported="false" />
232-->[com.paytm.appinvokesdk:appinvokesdk:1.6.18] AndroidManifest.xml:33:13-37
233        <service
233-->[com.paytm.appinvokesdk:appinvokesdk:1.6.18] AndroidManifest.xml:34:9-36:40
234            android:name="com.paytm.pgsdk.IntentServicePreNotification"
234-->[com.paytm.appinvokesdk:appinvokesdk:1.6.18] AndroidManifest.xml:35:13-72
235            android:exported="false" />
235-->[com.paytm.appinvokesdk:appinvokesdk:1.6.18] AndroidManifest.xml:36:13-37
236
237        <activity
237-->[com.facebook.android:facebook-common:17.0.0] AndroidManifest.xml:22:9-25:66
238            android:name="com.facebook.FacebookActivity"
238-->[com.facebook.android:facebook-common:17.0.0] AndroidManifest.xml:23:13-57
239            android:configChanges="keyboard|keyboardHidden|screenLayout|screenSize|orientation"
239-->[com.facebook.android:facebook-common:17.0.0] AndroidManifest.xml:24:13-96
240            android:theme="@style/com_facebook_activity_theme" />
240-->[com.facebook.android:facebook-common:17.0.0] AndroidManifest.xml:25:13-63
241        <activity android:name="com.facebook.CustomTabMainActivity" />
241-->[com.facebook.android:facebook-common:17.0.0] AndroidManifest.xml:26:9-71
241-->[com.facebook.android:facebook-common:17.0.0] AndroidManifest.xml:26:19-68
242        <activity
242-->[com.facebook.android:facebook-common:17.0.0] AndroidManifest.xml:27:9-41:20
243            android:name="com.facebook.CustomTabActivity"
243-->[com.facebook.android:facebook-common:17.0.0] AndroidManifest.xml:28:13-58
244            android:exported="true" >
244-->[com.facebook.android:facebook-common:17.0.0] AndroidManifest.xml:29:13-36
245            <intent-filter>
245-->[com.facebook.android:facebook-common:17.0.0] AndroidManifest.xml:31:13-40:29
246                <action android:name="android.intent.action.VIEW" />
246-->[com.facebook.android:facebook-common:17.0.0] AndroidManifest.xml:32:17-69
246-->[com.facebook.android:facebook-common:17.0.0] AndroidManifest.xml:32:25-66
247
248                <category android:name="android.intent.category.DEFAULT" />
248-->[com.facebook.android:facebook-common:17.0.0] AndroidManifest.xml:34:17-76
248-->[com.facebook.android:facebook-common:17.0.0] AndroidManifest.xml:34:27-73
249                <category android:name="android.intent.category.BROWSABLE" />
249-->[com.facebook.android:facebook-common:17.0.0] AndroidManifest.xml:35:17-78
249-->[com.facebook.android:facebook-common:17.0.0] AndroidManifest.xml:35:27-75
250
251                <data
251-->src/main/AndroidManifest.xml:42:13-50
252                    android:host="cct.com.grubb.customer"
253                    android:scheme="fbconnect" />
254            </intent-filter>
255        </activity>
256
257        <service
257-->[com.paytm.easypay:easypay-appinvoke:1.8.0-hotfix] AndroidManifest.xml:14:9-17:72
258            android:name="easypay.appinvoke.utils.EasyPayConfigDownloader"
258-->[com.paytm.easypay:easypay-appinvoke:1.8.0-hotfix] AndroidManifest.xml:15:13-75
259            android:exported="false"
259-->[com.paytm.easypay:easypay-appinvoke:1.8.0-hotfix] AndroidManifest.xml:16:13-37
260            android:permission="android.permission.BIND_JOB_SERVICE" />
260-->[com.paytm.easypay:easypay-appinvoke:1.8.0-hotfix] AndroidManifest.xml:17:13-69
261        <service
261-->[com.paytm.easypay:easypay-appinvoke:1.8.0-hotfix] AndroidManifest.xml:18:9-22:72
262            android:name="easypay.appinvoke.utils.AnalyticsService"
262-->[com.paytm.easypay:easypay-appinvoke:1.8.0-hotfix] AndroidManifest.xml:19:13-68
263            android:enabled="true"
263-->[com.paytm.easypay:easypay-appinvoke:1.8.0-hotfix] AndroidManifest.xml:20:13-35
264            android:exported="false"
264-->[com.paytm.easypay:easypay-appinvoke:1.8.0-hotfix] AndroidManifest.xml:21:13-37
265            android:permission="android.permission.BIND_JOB_SERVICE" />
265-->[com.paytm.easypay:easypay-appinvoke:1.8.0-hotfix] AndroidManifest.xml:22:13-69
266
267        <activity android:name="easypay.appinvoke.AnalyticsManagerInfoDisplayActivity" />
267-->[com.paytm.easypay:easypay-appinvoke:1.8.0-hotfix] AndroidManifest.xml:24:9-90
267-->[com.paytm.easypay:easypay-appinvoke:1.8.0-hotfix] AndroidManifest.xml:24:19-87
268
269        <service
269-->[:cloud_firestore] AndroidManifest.xml:8:9-12:19
270            android:name="com.google.firebase.components.ComponentDiscoveryService"
270-->[:cloud_firestore] AndroidManifest.xml:8:18-89
271            android:directBootAware="true"
271-->[com.google.firebase:firebase-common:20.4.3] AndroidManifest.xml:32:13-43
272            android:exported="false" >
272-->[com.google.firebase:firebase-iid:21.1.0] AndroidManifest.xml:31:13-37
273            <meta-data
273-->[:cloud_firestore] AndroidManifest.xml:9:13-11:85
274                android:name="com.google.firebase.components:io.flutter.plugins.firebase.firestore.FlutterFirebaseFirestoreRegistrar"
274-->[:cloud_firestore] AndroidManifest.xml:10:17-134
275                android:value="com.google.firebase.components.ComponentRegistrar" />
275-->[:cloud_firestore] AndroidManifest.xml:11:17-82
276            <meta-data
276-->[:firebase_app_check] AndroidManifest.xml:9:13-11:85
277                android:name="com.google.firebase.components:io.flutter.plugins.firebase.appcheck.FlutterFirebaseAppRegistrar"
277-->[:firebase_app_check] AndroidManifest.xml:10:17-127
278                android:value="com.google.firebase.components.ComponentRegistrar" />
278-->[:firebase_app_check] AndroidManifest.xml:11:17-82
279            <meta-data
279-->[:firebase_auth] AndroidManifest.xml:9:13-11:85
280                android:name="com.google.firebase.components:io.flutter.plugins.firebase.auth.FlutterFirebaseAuthRegistrar"
280-->[:firebase_auth] AndroidManifest.xml:10:17-124
281                android:value="com.google.firebase.components.ComponentRegistrar" />
281-->[:firebase_auth] AndroidManifest.xml:11:17-82
282            <meta-data
282-->[:firebase_crashlytics] AndroidManifest.xml:9:13-11:85
283                android:name="com.google.firebase.components:io.flutter.plugins.firebase.crashlytics.FlutterFirebaseAppRegistrar"
283-->[:firebase_crashlytics] AndroidManifest.xml:10:17-130
284                android:value="com.google.firebase.components.ComponentRegistrar" />
284-->[:firebase_crashlytics] AndroidManifest.xml:11:17-82
285            <meta-data
285-->[:firebase_messaging] AndroidManifest.xml:36:13-38:85
286                android:name="com.google.firebase.components:io.flutter.plugins.firebase.messaging.FlutterFirebaseAppRegistrar"
286-->[:firebase_messaging] AndroidManifest.xml:37:17-128
287                android:value="com.google.firebase.components.ComponentRegistrar" />
287-->[:firebase_messaging] AndroidManifest.xml:38:17-82
288            <meta-data
288-->[:firebase_storage] AndroidManifest.xml:9:13-11:85
289                android:name="com.google.firebase.components:io.flutter.plugins.firebase.storage.FlutterFirebaseAppRegistrar"
289-->[:firebase_storage] AndroidManifest.xml:10:17-126
290                android:value="com.google.firebase.components.ComponentRegistrar" />
290-->[:firebase_storage] AndroidManifest.xml:11:17-82
291            <meta-data
291-->[:firebase_core] AndroidManifest.xml:9:13-11:85
292                android:name="com.google.firebase.components:io.flutter.plugins.firebase.core.FlutterFirebaseCoreRegistrar"
292-->[:firebase_core] AndroidManifest.xml:10:17-124
293                android:value="com.google.firebase.components.ComponentRegistrar" />
293-->[:firebase_core] AndroidManifest.xml:11:17-82
294            <meta-data
294-->[com.google.firebase:firebase-iid:21.1.0] AndroidManifest.xml:32:13-34:85
295                android:name="com.google.firebase.components:com.google.firebase.iid.Registrar"
295-->[com.google.firebase:firebase-iid:21.1.0] AndroidManifest.xml:33:17-96
296                android:value="com.google.firebase.components.ComponentRegistrar" />
296-->[com.google.firebase:firebase-iid:21.1.0] AndroidManifest.xml:34:17-82
297            <meta-data
297-->[com.google.firebase:firebase-auth:22.3.1] AndroidManifest.xml:69:13-71:85
298                android:name="com.google.firebase.components:com.google.firebase.auth.FirebaseAuthRegistrar"
298-->[com.google.firebase:firebase-auth:22.3.1] AndroidManifest.xml:70:17-109
299                android:value="com.google.firebase.components.ComponentRegistrar" />
299-->[com.google.firebase:firebase-auth:22.3.1] AndroidManifest.xml:71:17-82
300            <meta-data